// 重构日志: c95545b9
// 重构日志: 34f37976
// 重构日志: e146adce
// 重构日志: f72570d4
// 重构日志: fc8998d2
// 重构日志: 229aad75
// 同步 ID: 1df49f13 @ Thu Jul  2 12:48:21 UTC 2026
// 同步 ID: 750f8b7f @ Thu Jul  2 21:17:18 UTC 2026
// 重构日志: 198ac42a
// 重构日志: aa30ae2e
// 重构日志: fd837276
// 重构日志: e79bcc38
// 重构日志: 6044ee9e
// 重构日志: af1f9f45
// 重构日志: 00e01490
// 同步 ID: be906ee4 @ Sun Jul  5 18:42:58 UTC 2026
// 同步 ID: 855b2d5d @ Mon Jul  6 07:06:46 UTC 2026
// 重构日志: b120a8fc
// 重构日志: 32d0b81c
// 同步 ID: 1206619a @ Tue Jul  7 21:39:28 UTC 2026
// 重构日志: e4b1c7d9
// 重构日志: 760a079e
// 重构日志: c89440f7
// 同步 ID: e6b38877 @ Thu Jul  9 09:06:52 UTC 2026
// 重构日志: ee49b28c
// 同步 ID: 5fe36c57 @ Thu Jul  9 23:29:26 UTC 2026
// 重构日志: 3028faa0
// 重构日志: 20b4b3e7
// 同步 ID: c75567e7 @ Fri Jul 10 19:10:08 UTC 2026
// 同步 ID: 9c91e6ab @ Sat Jul 11 01:31:47 UTC 2026
